2025-03-20 17:54:14,487 - JobScraper - INFO - Stopped scraping
2025-03-20 17:55:39,141 - JobScraper - INFO - Started scraping for titles: junior software engineer, software engineer I, junior software developer, junior data analyst, software developer I, new grad software engineer, entry level software engineer, new grad software developer, junior data analyst, software engineer
2025-03-20 17:55:39,149 - JobScraper - INFO - Started scraping with titles: ['junior software engineer', 'software engineer I', 'junior software developer', 'junior data analyst', 'software developer I', 'new grad software engineer', 'entry level software engineer', 'new grad software developer', 'junior data analyst', 'software engineer']
2025-03-20 17:55:39,221 - JobScraper - ERROR - Error scraping Welcome to the Jungle: 'NoneType' object has no attribute 'get'
2025-03-20 17:55:39,221 - JobScraper - ERROR - Error scraping Simplify: 'NoneType' object has no attribute 'post'
2025-03-20 17:55:39,449 - JobScraper - ERROR - Error fetching https://wellfound.com/jobs/search?q=junior+software+engineer&location=United%20States: Status 403
2025-03-20 17:55:39,784 - JobScraper - ERROR - Error fetching https://www.ycombinator.com/jobs/search?q=junior+software+engineer&location=United%20States: Status 404
2025-03-20 17:55:40,550 - JobScraper - ERROR - Error fetching https://www.dice.com/jobs/search?q=junior+software+engineer&location=United%20States: Status 404
2025-03-20 17:55:40,596 - JobScraper - ERROR - Error fetching https://wellfound.com/jobs/search?q=software+engineer+I&location=United%20States: Status 403
2025-03-20 17:55:40,737 - JobScraper - ERROR - Error fetching https://hiring.cafe/search?q=junior+software+engineer&location=United%20States: Status 429
2025-03-20 17:55:41,008 - JobScraper - ERROR - Error fetching https://stackoverflow.com/jobs/jobs?q=junior+software+engineer&l=United+States: Status 403
2025-03-20 17:55:41,149 - JobScraper - ERROR - Error fetching https://www.ycombinator.com/jobs/search?q=software+engineer+I&location=United%20States: Status 404
2025-03-20 17:55:41,554 - JobScraper - ERROR - Error fetching https://www.glassdoor.com/Job/jobs.htm?sc.keyword=junior+software+engineer&locT=C&locId=1&jobType=all&fromAge=1: Status 403
2025-03-20 17:55:41,558 - JobScraper - ERROR - Error fetching https://careers.github.com/positions/search?q=junior+software+engineer&location=United%20States: Cannot connect to host careers.github.com:443 ssl:default [nodename nor servname provided, or not known]
2025-03-20 17:55:41,748 - JobScraper - ERROR - Error fetching https://www.dice.com/jobs/search?q=software+engineer+I&location=United%20States: Status 404
2025-03-20 17:55:41,768 - JobScraper - ERROR - Error fetching https://wellfound.com/jobs/search?q=junior+software+developer&location=United%20States: Status 403
2025-03-20 17:55:41,852 - JobScraper - ERROR - Error fetching https://hiring.cafe/search?q=software+engineer+I&location=United%20States: Status 403
2025-03-20 17:55:42,394 - JobScraper - ERROR - Error fetching https://stackoverflow.com/jobs/jobs?q=software+engineer+I&l=United+States: Status 403
2025-03-20 17:55:42,541 - JobScraper - ERROR - Error fetching https://www.ycombinator.com/jobs/search?q=junior+software+developer&location=United%20States: Status 404
2025-03-20 17:55:42,561 - JobScraper - ERROR - Error fetching https://careers.github.com/positions/search?q=software+engineer+I&location=United%20States: Cannot connect to host careers.github.com:443 ssl:default [nodename nor servname provided, or not known]
2025-03-20 17:55:42,638 - JobScraper - ERROR - Error fetching https://www.crunchbase.com/jobs/search?q=junior+software+engineer&location=United%20States: Status 403
2025-03-20 17:55:42,997 - JobScraper - ERROR - Error fetching https://wellfound.com/jobs/search?q=junior+data+analyst&location=United%20States: Status 403
2025-03-20 17:55:42,998 - JobScraper - ERROR - Error fetching https://www.dice.com/jobs/search?q=junior+software+developer&location=United%20States: Status 404
2025-03-20 17:55:42,998 - JobScraper - ERROR - Error fetching https://hiring.cafe/search?q=junior+software+developer&location=United%20States: Status 403
2025-03-20 17:55:43,570 - JobScraper - ERROR - Error fetching https://careers.github.com/positions/search?q=junior+software+developer&location=United%20States: Cannot connect to host careers.github.com:443 ssl:default [nodename nor servname provided, or not known]
2025-03-20 17:55:43,683 - JobScraper - ERROR - Error fetching https://stackoverflow.com/jobs/jobs?q=junior+software+developer&l=United+States: Status 403
2025-03-20 17:55:43,749 - JobScraper - ERROR - Error fetching https://www.crunchbase.com/jobs/search?q=software+engineer+I&location=United%20States: Status 403
2025-03-20 17:55:43,848 - JobScraper - ERROR - Error fetching https://venturefizz.com/jobs/search?q=junior+software+engineer&location=United%20States: Status 404
2025-03-20 17:55:43,957 - JobScraper - ERROR - Error fetching https://www.ycombinator.com/jobs/search?q=junior+data+analyst&location=United%20States: Status 404
2025-03-20 17:55:44,121 - JobScraper - ERROR - Error fetching https://hiring.cafe/search?q=junior+data+analyst&location=United%20States: Status 403
2025-03-20 17:55:44,143 - JobScraper - ERROR - Error fetching https://wellfound.com/jobs/search?q=software+developer+I&location=United%20States: Status 403
2025-03-20 17:55:44,197 - JobScraper - ERROR - Error fetching https://www.dice.com/jobs/search?q=junior+data+analyst&location=United%20States: Status 404
2025-03-20 17:55:44,575 - JobScraper - ERROR - Error fetching https://careers.github.com/positions/search?q=junior+data+analyst&location=United%20States: Cannot connect to host careers.github.com:443 ssl:default [nodename nor servname provided, or not known]
2025-03-20 17:55:44,880 - JobScraper - ERROR - Error fetching https://www.crunchbase.com/jobs/search?q=junior+software+developer&location=United%20States: Status 403
2025-03-20 17:55:44,901 - JobScraper - ERROR - Error fetching https://www.glassdoor.com/Job/jobs.htm?sc.keyword=software+engineer+I&locT=C&locId=1&jobType=all&fromAge=1: Status 403
2025-03-20 17:55:45,029 - JobScraper - ERROR - Error fetching https://stackoverflow.com/jobs/jobs?q=junior+data+analyst&l=United+States: Status 403
2025-03-20 17:55:45,261 - JobScraper - ERROR - Error fetching https://hiring.cafe/search?q=software+developer+I&location=United%20States: Status 403
2025-03-20 17:55:45,329 - JobScraper - ERROR - Error fetching https://www.ycombinator.com/jobs/search?q=software+developer+I&location=United%20States: Status 404
2025-03-20 17:55:45,353 - JobScraper - ERROR - Error fetching https://wellfound.com/jobs/search?q=new+grad+software+engineer&location=United%20States: Status 403
2025-03-20 17:55:45,424 - JobScraper - ERROR - Error fetching https://www.dice.com/jobs/search?q=software+developer+I&location=United%20States: Status 404
2025-03-20 17:55:45,561 - JobScraper - ERROR - Error fetching https://venturefizz.com/jobs/search?q=software+engineer+I&location=United%20States: Status 404
2025-03-20 17:55:45,581 - JobScraper - ERROR - Error fetching https://careers.github.com/positions/search?q=software+developer+I&location=United%20States: Cannot connect to host careers.github.com:443 ssl:default [nodename nor servname provided, or not known]
2025-03-20 17:55:46,072 - JobScraper - ERROR - Error fetching https://www.crunchbase.com/jobs/search?q=junior+data+analyst&location=United%20States: Status 403
2025-03-20 17:55:46,073 - JobScraper - ERROR - Error fetching https://www.glassdoor.com/Job/jobs.htm?sc.keyword=junior+software+developer&locT=C&locId=1&jobType=all&fromAge=1: Status 403
2025-03-20 17:55:46,241 - JobScraper - ERROR - Error fetching https://techcrunch.com/jobs/search?q=junior+software+engineer&location=United%20States: Status 404
2025-03-20 17:55:46,366 - JobScraper - ERROR - Error fetching https://hiring.cafe/search?q=new+grad+software+engineer&location=United%20States: Status 403
2025-03-20 17:55:46,455 - JobScraper - ERROR - Error fetching https://stackoverflow.com/jobs/jobs?q=software+developer+I&l=United+States: Status 403
2025-03-20 17:55:46,518 - JobScraper - ERROR - Error fetching https://wellfound.com/jobs/search?q=entry+level+software+engineer&location=United%20States: Status 403
2025-03-20 17:55:46,744 - JobScraper - ERROR - Error fetching https://www.ycombinator.com/jobs/search?q=new+grad+software+engineer&location=United%20States: Status 404
2025-03-20 17:55:46,747 - JobScraper - ERROR - Error fetching https://careers.github.com/positions/search?q=new+grad+software+engineer&location=United%20States: Cannot connect to host careers.github.com:443 ssl:default [nodename nor servname provided, or not known]
2025-03-20 17:55:46,845 - JobScraper - ERROR - Error fetching https://www.dice.com/jobs/search?q=new+grad+software+engineer&location=United%20States: Status 404
2025-03-20 17:55:47,190 - JobScraper - ERROR - Error fetching https://www.crunchbase.com/jobs/search?q=software+developer+I&location=United%20States: Status 403
2025-03-20 17:55:47,198 - JobScraper - ERROR - Error fetching https://www.glassdoor.com/Job/jobs.htm?sc.keyword=junior+data+analyst&locT=C&locId=1&jobType=all&fromAge=1: Status 403
2025-03-20 17:55:47,384 - JobScraper - ERROR - Error fetching https://venturefizz.com/jobs/search?q=junior+software+developer&location=United%20States: Status 404
2025-03-20 17:55:47,496 - JobScraper - ERROR - Error fetching https://hiring.cafe/search?q=entry+level+software+engineer&location=United%20States: Status 403
2025-03-20 17:55:47,682 - JobScraper - ERROR - Error fetching https://wellfound.com/jobs/search?q=new+grad+software+developer&location=United%20States: Status 403
2025-03-20 17:55:47,793 - JobScraper - ERROR - Error fetching https://careers.github.com/positions/search?q=entry+level+software+engineer&location=United%20States: Cannot connect to host careers.github.com:443 ssl:default [nodename nor servname provided, or not known]
2025-03-20 17:55:47,861 - JobScraper - ERROR - Error fetching https://stackoverflow.com/jobs/jobs?q=new+grad+software+engineer&l=United+States: Status 403
2025-03-20 17:55:47,879 - JobScraper - ERROR - Error fetching https://techcrunch.com/jobs/search?q=software+engineer+I&location=United%20States: Status 404
2025-03-20 17:55:48,002 - JobScraper - ERROR - Error fetching https://www.ycombinator.com/jobs/search?q=entry+level+software+engineer&location=United%20States: Status 404
2025-03-20 17:55:48,058 - JobScraper - ERROR - Error fetching https://www.dice.com/jobs/search?q=entry+level+software+engineer&location=United%20States: Status 404
2025-03-20 17:55:48,416 - JobScraper - ERROR - Error fetching https://www.crunchbase.com/jobs/search?q=new+grad+software+engineer&location=United%20States: Status 403
2025-03-20 17:55:48,471 - JobScraper - ERROR - Error fetching https://www.glassdoor.com/Job/jobs.htm?sc.keyword=software+developer+I&locT=C&locId=1&jobType=all&fromAge=1: Status 403
2025-03-20 17:55:48,606 - JobScraper - ERROR - Error fetching https://hiring.cafe/search?q=new+grad+software+developer&location=United%20States: Status 403
2025-03-20 17:55:48,798 - JobScraper - ERROR - Error fetching https://careers.github.com/positions/search?q=new+grad+software+developer&location=United%20States: Cannot connect to host careers.github.com:443 ssl:default [nodename nor servname provided, or not known]
2025-03-20 17:55:48,816 - JobScraper - ERROR - Error fetching https://wellfound.com/jobs/search?q=junior+data+analyst&location=United%20States: Status 403
2025-03-20 17:55:49,163 - JobScraper - ERROR - Error fetching https://venturefizz.com/jobs/search?q=junior+data+analyst&location=United%20States: Status 404
2025-03-20 17:55:49,258 - JobScraper - ERROR - Error fetching https://stackoverflow.com/jobs/jobs?q=entry+level+software+engineer&l=United+States: Status 403
2025-03-20 17:55:49,280 - JobScraper - ERROR - Error fetching https://www.dice.com/jobs/search?q=new+grad+software+developer&location=United%20States: Status 404
2025-03-20 17:55:49,384 - JobScraper - ERROR - Error fetching https://www.ycombinator.com/jobs/search?q=new+grad+software+developer&location=United%20States: Status 404
2025-03-20 17:55:49,516 - JobScraper - ERROR - Error fetching https://www.crunchbase.com/jobs/search?q=entry+level+software+engineer&location=United%20States: Status 403
2025-03-20 17:55:49,587 - JobScraper - ERROR - Error fetching https://techcrunch.com/jobs/search?q=junior+software+developer&location=United%20States: Status 404
2025-03-20 17:55:49,593 - JobScraper - ERROR - Error fetching https://www.glassdoor.com/Job/jobs.htm?sc.keyword=new+grad+software+engineer&locT=C&locId=1&jobType=all&fromAge=1: Status 403
2025-03-20 17:55:49,859 - JobScraper - ERROR - Error fetching https://careers.github.com/positions/search?q=junior+data+analyst&location=United%20States: Cannot connect to host careers.github.com:443 ssl:default [nodename nor servname provided, or not known]
2025-03-20 17:55:49,914 - JobScraper - ERROR - Error fetching https://hiring.cafe/search?q=junior+data+analyst&location=United%20States: Status 403
2025-03-20 17:55:50,010 - JobScraper - ERROR - Error fetching https://wellfound.com/jobs/search?q=software+engineer&location=United%20States: Status 403
2025-03-20 17:55:50,502 - JobScraper - ERROR - Error fetching https://www.dice.com/jobs/search?q=junior+data+analyst&location=United%20States: Status 404
2025-03-20 17:55:50,645 - JobScraper - ERROR - Error fetching https://stackoverflow.com/jobs/jobs?q=new+grad+software+developer&l=United+States: Status 403
2025-03-20 17:55:50,663 - JobScraper - ERROR - Error fetching https://www.crunchbase.com/jobs/search?q=new+grad+software+developer&location=United%20States: Status 403
2025-03-20 17:55:50,704 - JobScraper - ERROR - Error fetching https://www.glassdoor.com/Job/jobs.htm?sc.keyword=entry+level+software+engineer&locT=C&locId=1&jobType=all&fromAge=1: Status 403
2025-03-20 17:55:50,806 - JobScraper - ERROR - Error fetching https://www.ycombinator.com/jobs/search?q=junior+data+analyst&location=United%20States: Status 404
2025-03-20 17:55:50,864 - JobScraper - ERROR - Error fetching https://careers.github.com/positions/search?q=software+engineer&location=United%20States: Cannot connect to host careers.github.com:443 ssl:default [nodename nor servname provided, or not known]
2025-03-20 17:55:51,062 - JobScraper - ERROR - Error fetching https://hiring.cafe/search?q=software+engineer&location=United%20States: Status 403
2025-03-20 17:55:51,389 - JobScraper - ERROR - Error fetching https://techcrunch.com/jobs/search?q=junior+data+analyst&location=United%20States: Status 404
2025-03-20 17:55:51,389 - JobScraper - ERROR - Error fetching https://venturefizz.com/jobs/search?q=software+developer+I&location=United%20States: Status 404
2025-03-20 17:55:51,773 - JobScraper - ERROR - Error fetching https://www.dice.com/jobs/search?q=software+engineer&location=United%20States: Status 404
2025-03-20 17:55:51,781 - JobScraper - ERROR - Error fetching https://www.crunchbase.com/jobs/search?q=junior+data+analyst&location=United%20States: Status 403
2025-03-20 17:55:51,830 - JobScraper - ERROR - Error fetching https://www.glassdoor.com/Job/jobs.htm?sc.keyword=new+grad+software+developer&locT=C&locId=1&jobType=all&fromAge=1: Status 403
2025-03-20 17:55:51,960 - JobScraper - ERROR - Error fetching https://stackoverflow.com/jobs/jobs?q=junior+data+analyst&l=United+States: Status 403
2025-03-20 17:55:52,033 - JobScraper - ERROR - Error fetching https://www.ycombinator.com/jobs/search?q=software+engineer&location=United%20States: Status 404
2025-03-20 17:55:52,963 - JobScraper - ERROR - Error fetching https://techcrunch.com/jobs/search?q=software+developer+I&location=United%20States: Status 404
2025-03-20 17:55:53,085 - JobScraper - ERROR - Error fetching https://www.crunchbase.com/jobs/search?q=software+engineer&location=United%20States: Status 403
2025-03-20 17:55:53,085 - JobScraper - ERROR - Error fetching https://www.glassdoor.com/Job/jobs.htm?sc.keyword=junior+data+analyst&locT=C&locId=1&jobType=all&fromAge=1: Status 403
2025-03-20 17:55:53,086 - JobScraper - ERROR - Error fetching https://venturefizz.com/jobs/search?q=new+grad+software+engineer&location=United%20States: Status 404
2025-03-20 17:55:53,302 - JobScraper - ERROR - Error fetching https://stackoverflow.com/jobs/jobs?q=software+engineer&l=United+States: Status 403
2025-03-20 17:55:54,222 - JobScraper - ERROR - Error fetching https://www.glassdoor.com/Job/jobs.htm?sc.keyword=software+engineer&locT=C&locId=1&jobType=all&fromAge=1: Status 403
2025-03-20 17:55:54,821 - JobScraper - ERROR - Error fetching https://venturefizz.com/jobs/search?q=entry+level+software+engineer&location=United%20States: Status 404
2025-03-20 17:55:55,176 - JobScraper - ERROR - Error fetching https://techcrunch.com/jobs/search?q=new+grad+software+engineer&location=United%20States: Status 404
2025-03-20 17:55:56,634 - JobScraper - ERROR - Error fetching https://venturefizz.com/jobs/search?q=new+grad+software+developer&location=United%20States: Status 404
2025-03-20 17:55:56,726 - JobScraper - ERROR - Error fetching https://techcrunch.com/jobs/search?q=entry+level+software+engineer&location=United%20States: Status 404
2025-03-20 17:55:58,595 - JobScraper - ERROR - Error fetching https://techcrunch.com/jobs/search?q=new+grad+software+developer&location=United%20States: Status 404
2025-03-20 17:55:58,623 - JobScraper - ERROR - Error fetching https://venturefizz.com/jobs/search?q=junior+data+analyst&location=United%20States: Status 404
2025-03-20 17:55:59,919 - JobScraper - ERROR - Error fetching https://techcrunch.com/jobs/search?q=junior+data+analyst&location=United%20States: Status 404
2025-03-20 17:56:00,672 - JobScraper - ERROR - Error fetching https://venturefizz.com/jobs/search?q=software+engineer&location=United%20States: Status 404
2025-03-20 17:56:01,531 - JobScraper - ERROR - Error fetching https://techcrunch.com/jobs/search?q=software+engineer&location=United%20States: Status 404
2025-03-20 18:03:06,983 - JobScraper - ERROR - Error scraping Welcome to the Jungle: 'NoneType' object has no attribute 'get'
2025-03-20 18:03:06,984 - JobScraper - ERROR - Error scraping Simplify: 'NoneType' object has no attribute 'post'
2025-03-20 18:03:07,007 - JobScraper - ERROR - Error fetching https://careers.github.com/positions/search?q=junior+software+engineer&location=United%20States: Cannot connect to host careers.github.com:443 ssl:default [nodename nor servname provided, or not known]
2025-03-20 18:03:08,011 - JobScraper - ERROR - Error fetching https://careers.github.com/positions/search?q=software+engineer+I&location=United%20States: Cannot connect to host careers.github.com:443 ssl:default [nodename nor servname provided, or not known]
2025-03-20 18:03:09,016 - JobScraper - ERROR - Error fetching https://careers.github.com/positions/search?q=junior+software+developer&location=United%20States: Cannot connect to host careers.github.com:443 ssl:default [nodename nor servname provided, or not known]
2025-03-20 18:03:10,020 - JobScraper - ERROR - Error fetching https://careers.github.com/positions/search?q=junior+data+analyst&location=United%20States: Cannot connect to host careers.github.com:443 ssl:default [nodename nor servname provided, or not known]
2025-03-20 18:03:11,024 - JobScraper - ERROR - Error fetching https://careers.github.com/positions/search?q=software+developer+I&location=United%20States: Cannot connect to host careers.github.com:443 ssl:default [nodename nor servname provided, or not known]
2025-03-20 18:03:11,025 - JobScraper - ERROR - Error fetching https://hiring.cafe/search?q=junior+software+engineer&location=United%20States: Status 429
2025-03-20 18:03:11,291 - JobScraper - ERROR - Error fetching https://www.ycombinator.com/jobs/search?q=junior+software+engineer&location=United%20States: Status 404
2025-03-20 18:03:11,336 - JobScraper - ERROR - Error fetching https://wellfound.com/jobs/search?q=junior+software+engineer&location=United%20States: Status 403
2025-03-20 18:03:11,507 - JobScraper - ERROR - Error fetching https://www.crunchbase.com/jobs/search?q=junior+software+engineer&location=United%20States: Status 403
2025-03-20 18:03:11,629 - JobScraper - ERROR - Error fetching https://www.glassdoor.com/Job/jobs.htm?sc.keyword=junior+software+engineer&locT=C&locId=1&jobType=all&fromAge=1: Status 403
2025-03-20 18:03:11,720 - JobScraper - ERROR - Error fetching https://venturefizz.com/jobs/search?q=junior+software+engineer&location=United%20States: Status 404
2025-03-20 18:03:11,879 - JobScraper - ERROR - Error fetching https://stackoverflow.com/jobs/jobs?q=junior+software+engineer&l=United+States: Status 403
2025-03-20 18:03:12,027 - JobScraper - ERROR - Error fetching https://careers.github.com/positions/search?q=new+grad+software+engineer&location=United%20States: Cannot connect to host careers.github.com:443 ssl:default [nodename nor servname provided, or not known]
2025-03-20 18:03:12,143 - JobScraper - ERROR - Error fetching https://hiring.cafe/search?q=software+engineer+I&location=United%20States: Status 403
2025-03-20 18:03:12,638 - JobScraper - ERROR - Error fetching https://wellfound.com/jobs/search?q=software+engineer+I&location=United%20States: Status 403
2025-03-20 18:03:12,677 - JobScraper - ERROR - Error fetching https://www.ycombinator.com/jobs/search?q=software+engineer+I&location=United%20States: Status 404
2025-03-20 18:03:12,763 - JobScraper - ERROR - Error fetching https://www.crunchbase.com/jobs/search?q=software+engineer+I&location=United%20States: Status 403
2025-03-20 18:03:12,789 - JobScraper - ERROR - Error fetching https://www.glassdoor.com/Job/jobs.htm?sc.keyword=software+engineer+I&locT=C&locId=1&jobType=all&fromAge=1: Status 403
2025-03-20 18:03:13,031 - JobScraper - ERROR - Error fetching https://careers.github.com/positions/search?q=entry+level+software+engineer&location=United%20States: Cannot connect to host careers.github.com:443 ssl:default [nodename nor servname provided, or not known]
2025-03-20 18:03:13,264 - JobScraper - ERROR - Error fetching https://stackoverflow.com/jobs/jobs?q=software+engineer+I&l=United+States: Status 403
2025-03-20 18:03:13,278 - JobScraper - ERROR - Error fetching https://hiring.cafe/search?q=junior+software+developer&location=United%20States: Status 403
2025-03-20 18:03:13,449 - JobScraper - ERROR - Error fetching https://www.dice.com/jobs/search?q=junior+software+engineer&location=United%20States: Status 404
2025-03-20 18:03:13,477 - JobScraper - ERROR - Error fetching https://venturefizz.com/jobs/search?q=software+engineer+I&location=United%20States: Status 404
2025-03-20 18:03:13,797 - JobScraper - ERROR - Error fetching https://wellfound.com/jobs/search?q=junior+software+developer&location=United%20States: Status 403
2025-03-20 18:03:13,873 - JobScraper - ERROR - Error fetching https://techcrunch.com/jobs/search?q=junior+software+engineer&location=United%20States: Status 404
2025-03-20 18:03:13,882 - JobScraper - ERROR - Error fetching https://www.ycombinator.com/jobs/search?q=junior+software+developer&location=United%20States: Status 404
2025-03-20 18:03:13,907 - JobScraper - ERROR - Error fetching https://www.crunchbase.com/jobs/search?q=junior+software+developer&location=United%20States: Status 403
2025-03-20 18:03:13,942 - JobScraper - ERROR - Error fetching https://www.glassdoor.com/Job/jobs.htm?sc.keyword=junior+software+developer&locT=C&locId=1&jobType=all&fromAge=1: Status 403
2025-03-20 18:03:14,035 - JobScraper - ERROR - Error fetching https://careers.github.com/positions/search?q=new+grad+software+developer&location=United%20States: Cannot connect to host careers.github.com:443 ssl:default [nodename nor servname provided, or not known]
2025-03-20 18:03:14,435 - JobScraper - ERROR - Error fetching https://hiring.cafe/search?q=junior+data+analyst&location=United%20States: Status 403
2025-03-20 18:03:14,624 - JobScraper - ERROR - Error fetching https://stackoverflow.com/jobs/jobs?q=junior+software+developer&l=United+States: Status 403
2025-03-20 18:03:14,674 - JobScraper - ERROR - Error fetching https://www.dice.com/jobs/search?q=software+engineer+I&location=United%20States: Status 404
2025-03-20 18:03:15,079 - JobScraper - ERROR - Error fetching https://www.crunchbase.com/jobs/search?q=junior+data+analyst&location=United%20States: Status 403
2025-03-20 18:03:15,082 - JobScraper - ERROR - Error fetching https://careers.github.com/positions/search?q=junior+data+analyst&location=United%20States: Cannot connect to host careers.github.com:443 ssl:default [nodename nor servname provided, or not known]
2025-03-20 18:03:15,107 - JobScraper - ERROR - Error fetching https://wellfound.com/jobs/search?q=junior+data+analyst&location=United%20States: Status 403
2025-03-20 18:03:15,124 - JobScraper - ERROR - Error fetching https://www.glassdoor.com/Job/jobs.htm?sc.keyword=junior+data+analyst&locT=C&locId=1&jobType=all&fromAge=1: Status 403
2025-03-20 18:03:15,233 - JobScraper - ERROR - Error fetching https://www.ycombinator.com/jobs/search?q=junior+data+analyst&location=United%20States: Status 404
2025-03-20 18:03:15,363 - JobScraper - ERROR - Error fetching https://venturefizz.com/jobs/search?q=junior+software+developer&location=United%20States: Status 404
2025-03-20 18:03:15,548 - JobScraper - ERROR - Error fetching https://hiring.cafe/search?q=software+developer+I&location=United%20States: Status 403
2025-03-20 18:03:15,970 - JobScraper - ERROR - Error fetching https://www.dice.com/jobs/search?q=junior+software+developer&location=United%20States: Status 404
2025-03-20 18:03:16,086 - JobScraper - ERROR - Error fetching https://careers.github.com/positions/search?q=software+engineer&location=United%20States: Cannot connect to host careers.github.com:443 ssl:default [nodename nor servname provided, or not known]
2025-03-20 18:03:16,115 - JobScraper - ERROR - Error fetching https://stackoverflow.com/jobs/jobs?q=junior+data+analyst&l=United+States: Status 403
2025-03-20 18:03:16,185 - JobScraper - ERROR - Error fetching https://www.crunchbase.com/jobs/search?q=software+developer+I&location=United%20States: Status 403
2025-03-20 18:03:16,238 - JobScraper - ERROR - Error fetching https://techcrunch.com/jobs/search?q=software+engineer+I&location=United%20States: Status 404
2025-03-20 18:03:16,248 - JobScraper - ERROR - Error fetching https://www.glassdoor.com/Job/jobs.htm?sc.keyword=software+developer+I&locT=C&locId=1&jobType=all&fromAge=1: Status 403
2025-03-20 18:03:16,279 - JobScraper - ERROR - Error fetching https://wellfound.com/jobs/search?q=software+developer+I&location=United%20States: Status 403
2025-03-20 18:03:16,658 - JobScraper - ERROR - Error fetching https://www.ycombinator.com/jobs/search?q=software+developer+I&location=United%20States: Status 404
2025-03-20 18:03:16,675 - JobScraper - ERROR - Error fetching https://hiring.cafe/search?q=new+grad+software+engineer&location=United%20States: Status 403
2025-03-20 18:06:59,504 - JobScraper - ERROR - Error fetching https://www.glassdoor.com/Job/jobs.htm?sc.keyword=junior+software+engineer&locT=C&locId=1&jobType=all&fromAge=1: Status 403
2025-03-20 18:07:00,635 - JobScraper - ERROR - Error fetching https://www.glassdoor.com/Job/jobs.htm?sc.keyword=software+engineer+I&locT=C&locId=1&jobType=all&fromAge=1: Status 403
2025-03-20 18:07:01,875 - JobScraper - ERROR - Error fetching https://www.glassdoor.com/Job/jobs.htm?sc.keyword=junior+software+developer&locT=C&locId=1&jobType=all&fromAge=1: Status 403
2025-03-20 18:07:03,001 - JobScraper - ERROR - Error fetching https://www.glassdoor.com/Job/jobs.htm?sc.keyword=junior+data+analyst&locT=C&locId=1&jobType=all&fromAge=1: Status 403
2025-03-20 18:07:04,183 - JobScraper - ERROR - Error fetching https://www.glassdoor.com/Job/jobs.htm?sc.keyword=software+developer+I&locT=C&locId=1&jobType=all&fromAge=1: Status 403
2025-03-20 18:07:05,342 - JobScraper - ERROR - Error fetching https://www.glassdoor.com/Job/jobs.htm?sc.keyword=new+grad+software+engineer&locT=C&locId=1&jobType=all&fromAge=1: Status 403
2025-03-20 18:07:06,447 - JobScraper - ERROR - Error fetching https://www.glassdoor.com/Job/jobs.htm?sc.keyword=entry+level+software+engineer&locT=C&locId=1&jobType=all&fromAge=1: Status 403
2025-03-20 18:12:14,963 - JobScraper - INFO - Started scraping with titles: ['junior software engineer', 'software engineer I', 'junior software developer', 'junior data analyst', 'software developer I', 'new grad software engineer', 'entry level software engineer', 'new grad software developer', 'junior data analyst', 'software engineer']
